[처리] refined_20230101_20230331.csv: 490건
  50/490
  100/490
  150/490
  200/490
  250/490
  300/490
  350/490
  400/490
  450/490
[완료] refined_20230101_20230331.csv
[처리] refined_20230401_20230630.csv: 631건
  50/631
  100/631
  150/631
  200/631
  250/631
  300/631
  350/631
  400/631
  450/631
  500/631
  550/631
  600/631
[완료] refined_20230401_20230630.csv
[처리] refined_20230701_20230930.csv: 581건
  50/581
  100/581
  150/581
  200/581
  250/581
  300/581
  350/581
  400/581
  450/581
  500/581
  550/581
[완료] refined_20230701_20230930.csv
[처리] refined_20231001_20231231.csv: 634건
  50/634
  100/634
  150/634
  200/634
  250/634
  300/634
  350/634
  400/634
  450/634
  500/634
  550/634
  600/634
[완료] refined_20231001_20231231.csv
[처리] refined_20240101_20240331.csv: 432건
  50/432
  100/432
  150/432
  200/432
  250/432
  300/432
  350/432
  400/432
[완료] refined_20240101_20240331.csv
[처리] refined_20240401_20240630.csv: 664건
  50/664
  100/664
  150/664
  200/664
  250/664
  300/664
  350/664
  400/664
  450/664
  500/664
  550/664
  600/664
  650/664
[완료] refined_20240401_20240630.csv
[처리] refined_20240701_20240930.csv: 388건
  50/388
  100/388
  150/388
  200/388
  250/388
  300/388
  350/388
[완료] refined_20240701_20240930.csv
[처리] refined_20241001_20241231.csv: 494건
  50/494
  100/494
  150/494
  200/494
  250/494
  300/494
  350/494
  400/494
  450/494
[완료] refined_20241001_20241231.csv
[처리] refined_20250101_20250331.csv: 834건
  50/834
  100/834
  150/834
  200/834
  250/834
  300/834
  350/834
  400/834
  450/834
  500/834
  550/834
  600/834
  650/834
  700/834
  750/834
  800/834
[완료] refined_20250101_20250331.csv
[처리] refined_20250401_20250630.csv: 1745건
  50/1745
  100/1745
  150/1745
  200/1745
  250/1745
  300/1745
  350/1745
  400/1745
  450/1745
  500/1745
  550/1745
  600/1745
  650/1745
  700/1745
  750/1745
  800/1745
  850/1745
  900/1745
  950/1745
  1000/1745
  1050/1745
  1100/1745
  1150/1745
  1200/1745
  1250/1745
  1300/1745
  1350/1745
  1400/1745
  1450/1745
  1500/1745
  1550/1745
  1600/1745
  1650/1745
  1700/1745
[완료] refined_20250401_20250630.csv
[처리] refined_20250701_20250930.csv: 1087건
  50/1087
  100/1087
  150/1087
  200/1087
  250/1087
  300/1087
  350/1087
  400/1087
  450/1087
  500/1087
  550/1087
  600/1087
  650/1087
  700/1087
  750/1087
  800/1087
  850/1087
  900/1087
  950/1087
  1000/1087
  1050/1087
[완료] refined_20250701_20250930.csv
[처리] refined_20251001_20251231.csv: 1464건
  50/1464
  100/1464
  150/1464
  200/1464
  250/1464
  300/1464
  350/1464
  400/1464
  450/1464
  500/1464
  550/1464
  600/1464
  650/1464
  700/1464
  750/1464
  800/1464
  850/1464
  900/1464
  950/1464
  1000/1464
  1050/1464
  1100/1464
  1150/1464
  1200/1464
  1250/1464
  1300/1464
  1350/1464
  1400/1464
  1450/1464
[완료] refined_20251001_20251231.csv
[skip] refined_20260401_20260619.csv
[처리] refined_20260620_20260720.csv: 694건
  50/694
  100/694
  150/694
  200/694
  250/694
  300/694
  350/694
  400/694
  450/694
  500/694
  550/694
  600/694
  650/694
[완료] refined_20260620_20260720.csv
전체 완료 — python3 build_data.py 로 재빌드할 것
